<?xml version="1.0" encoding="UTF-8"?>
<!-- Generated by org.testng.reporters.JUnitXMLReporter -->
<testsuite ignored="0" hostname="JV-LAP093" failures="0" tests="23" name="Default test" time="294.881" errors="0" timestamp="2023-12-06T18:14:38 NPT">
  <testcase classname="test.PQC_functional_test" name="login_pqc" time="11.867"/>
  <testcase classname="test.PQC_functional_test" name="quickContactSearch" time="8.877"/>
  <testcase classname="test.PQC_functional_test" name="createCustomerRFQ" time="28.582"/>
  <testcase classname="test.PQC_functional_test" name="getRFQHeader" time="5.274"/>
  <testcase classname="test.PQC_functional_test" name="getCustomers" time="8.898"/>
  <testcase classname="test.PQC_functional_test" name="getCustomerContacts" time="8.62"/>
  <testcase classname="test.PQC_functional_test" name="getQuoteHistory" time="4.678"/>
  <testcase classname="test.PQC_functional_test" name="changeRfqOwner" time="10.923"/>
  <testcase classname="test.PQC_functional_test" name="editRfqHeader" time="5.267"/>
  <testcase classname="test.PQC_functional_test" name="getCustomerInformation" time="6.552"/>
  <testcase classname="test.PQC_functional_test" name="getPartInfo" time="14.605"/>
  <testcase classname="test.PQC_functional_test" name="getRFQPartStockInfo" time="4.264"/>
  <testcase classname="test.PQC_functional_test" name="getIncomingGood" time="5.696"/>
  <testcase classname="test.PQC_functional_test" name="getLotDetails" time="5.52"/>
  <testcase classname="test.PQC_functional_test" name="addRFQLine" time="28.529"/>
  <testcase classname="test.PQC_functional_test" name="getKitPartDetails" time="23.02"/>
  <testcase classname="test.PQC_functional_test" name="getRFQLineAlternates" time="18.272"/>
  <testcase classname="test.PQC_functional_test" name="deleteRFQLines" time="14.483"/>
  <testcase classname="test.PQC_functional_test" name="getPartPricingDetails" time="30.974"/>
  <testcase classname="test.PQC_functional_test" name="getPriceRequestInfo" time="2.035"/>
  <testcase classname="test.PQC_functional_test" name="createProcessRelay" time="27.653"/>
  <testcase classname="test.PQC_functional_test" name="getPurchasePriceRequestInfo" time="6.982"/>
  <testcase classname="test.PQC_functional_test" name="emailReportAndLog" time="7.835"/>
</testsuite> <!-- Default test -->
