<?xml version="1.0" encoding="UTF-8"?>
<!-- Generated by org.testng.reporters.JUnitXMLReporter -->
<testsuite ignored="0" hostname="JV-LAP093" failures="0" tests="19" name="Default test" time="190.908" errors="0" timestamp="2023-12-05T17:51:34 NPT">
  <testcase classname="test.PQC_functional_test" name="login_pqc" time="18.816"/>
  <testcase classname="test.PQC_functional_test" name="quickContactSearch" time="8.894"/>
  <testcase classname="test.PQC_functional_test" name="createCustomerRFQ" time="27.206"/>
  <testcase classname="test.PQC_functional_test" name="getRFQHeader" time="3.951"/>
  <testcase classname="test.PQC_functional_test" name="getCustomers" time="7.138"/>
  <testcase classname="test.PQC_functional_test" name="getCustomerContacts" time="7.168"/>
  <testcase classname="test.PQC_functional_test" name="getQuoteHistory" time="3.709"/>
  <testcase classname="test.PQC_functional_test" name="changeRfqOwner" time="9.317"/>
  <testcase classname="test.PQC_functional_test" name="editRfqHeader" time="3.802"/>
  <testcase classname="test.PQC_functional_test" name="getCustomerInformation" time="5.951"/>
  <testcase classname="test.PQC_functional_test" name="getPartInfo" time="12.943"/>
  <testcase classname="test.PQC_functional_test" name="getRFQPartStockInfo" time="3.442"/>
  <testcase classname="test.PQC_functional_test" name="getIncomingGood_test" time="4.671"/>
  <testcase classname="test.PQC_functional_test" name="getLotDetails_test" time="4.953"/>
  <testcase classname="test.PQC_functional_test" name="addRFQLine" time="22.009"/>
  <testcase classname="test.PQC_functional_test" name="getKitPartDetails_test" time="17.739"/>
  <testcase classname="test.PQC_functional_test" name="getRFQLineAlternates_test" time="8.841"/>
  <testcase classname="test.PQC_functional_test" name="deleteRFQLines" time="9.519"/>
  <testcase classname="test.PQC_functional_test" name="emailReportAndLog" time="5.802"/>
</testsuite> <!-- Default test -->
