<?xml version="1.0" encoding="UTF-8"?>
<testng-results ignored="0" total="2" passed="1" failed="1" skipped="0">
  <reporter-output>
  </reporter-output>
  <suite started-at="2023-12-04T15:40:54 NPT" name="Default suite" finished-at="2023-12-04T15:41:20 NPT" duration-ms="25299">
    <groups>
      <group name="login">
        <method signature="PQC_functional_test.login_pqc()[pri:1, instance:test.PQC_functional_test@8f4ea7c]" name="login_pqc" class="test.PQC_functional_test"/>
      </group> <!-- login -->
    </groups>
    <test started-at="2023-12-04T15:40:54 NPT" name="Default test" finished-at="2023-12-04T15:41:20 NPT" duration-ms="25299">
      <class name="test.PQC_functional_test">
        <test-method is-config="true" signature="setup()[pri:0, instance:test.PQC_functional_test@8f4ea7c]" started-at="2023-12-04T15:40:54 NPT" name="setup" finished-at="2023-12-04T15:40:57 NPT" duration-ms="2773" status="PASS">
          <reporter-output>
          </reporter-output>
        </test-method> <!-- setup -->
        <test-method signature="login_pqc()[pri:1, instance:test.PQC_functional_test@8f4ea7c]" started-at="2023-12-04T15:40:57 NPT" name="login_pqc" finished-at="2023-12-04T15:41:16 NPT" duration-ms="18634" status="PASS">
          <reporter-output>
          </reporter-output>
        </test-method> <!-- login_pqc -->
        <test-method signature="editRfqHeader()[pri:12, instance:test.PQC_functional_test@8f4ea7c]" started-at="2023-12-04T15:41:16 NPT" name="editRfqHeader" finished-at="2023-12-04T15:41:19 NPT" duration-ms="3591" status="FAIL">
          <exception class="java.lang.AssertionError">
            <message>
              <![CDATA[expected [true] but found [false]]]>
            </message>
            <full-stacktrace>
              <![CDATA[java.lang.AssertionError: expected [true] but found [false]
at org.testng.Assert.fail(Assert.java:99)
at org.testng.Assert.failNotEquals(Assert.java:1037)
at org.testng.Assert.assertTrue(Assert.java:45)
at org.testng.Assert.assertTrue(Assert.java:55)
at test.PQC_functional_test.editRfqHeader(PQC_functional_test.java:557)
at java.base/jdk.internal.reflect.DirectMethodHandleAccessor.invoke(DirectMethodHandleAccessor.java:104)
at java.base/java.lang.reflect.Method.invoke(Method.java:578)
at org.testng.internal.MethodInvocationHelper.invokeMethod(MethodInvocationHelper.java:133)
at org.testng.internal.TestInvoker.invokeMethod(TestInvoker.java:598)
at org.testng.internal.TestInvoker.invokeTestMethod(TestInvoker.java:173)
at org.testng.internal.MethodRunner.runInSequence(MethodRunner.java:46)
at org.testng.internal.TestInvoker$MethodInvocationAgent.invoke(TestInvoker.java:824)
at org.testng.internal.TestInvoker.invokeTestMethods(TestInvoker.java:146)
at org.testng.internal.TestMethodWorker.invokeTestMethods(TestMethodWorker.java:146)
at org.testng.internal.TestMethodWorker.run(TestMethodWorker.java:128)
at java.base/java.util.ArrayList.forEach(ArrayList.java:1511)
at org.testng.TestRunner.privateRun(TestRunner.java:794)
at org.testng.TestRunner.run(TestRunner.java:596)
at org.testng.SuiteRunner.runTest(SuiteRunner.java:377)
at org.testng.SuiteRunner.runSequentially(SuiteRunner.java:371)
at org.testng.SuiteRunner.privateRun(SuiteRunner.java:332)
at org.testng.SuiteRunner.run(SuiteRunner.java:276)
at org.testng.SuiteRunnerWorker.runSuite(SuiteRunnerWorker.java:53)
at org.testng.SuiteRunnerWorker.run(SuiteRunnerWorker.java:96)
at org.testng.TestNG.runSuitesSequentially(TestNG.java:1212)
at org.testng.TestNG.runSuitesLocally(TestNG.java:1134)
at org.testng.TestNG.runSuites(TestNG.java:1063)
at org.testng.TestNG.run(TestNG.java:1031)
at org.testng.remote.AbstractRemoteTestNG.run(AbstractRemoteTestNG.java:115)
at org.testng.remote.RemoteTestNG.initAndRun(RemoteTestNG.java:251)
at org.testng.remote.RemoteTestNG.main(RemoteTestNG.java:77)
]]>
            </full-stacktrace>
          </exception> <!-- java.lang.AssertionError -->
          <reporter-output>
          </reporter-output>
        </test-method> <!-- editRfqHeader -->
        <test-method is-config="true" signature="teardown()[pri:0, instance:test.PQC_functional_test@8f4ea7c]" started-at="2023-12-04T15:41:19 NPT" name="teardown" finished-at="2023-12-04T15:41:20 NPT" duration-ms="265" status="PASS">
          <reporter-output>
          </reporter-output>
        </test-method> <!-- teardown -->
      </class> <!-- test.PQC_functional_test -->
    </test> <!-- Default test -->
  </suite> <!-- Default suite -->
</testng-results>
