<?xml version="1.0" encoding="UTF-8"?>
<!-- Generated by org.testng.reporters.JUnitXMLReporter -->
<testsuite ignored="0" hostname="JV-LAP093" failures="1" tests="4" name="Test Basics 2" time="0.076" errors="0" timestamp="2023-12-03T10:03:45 NPT">
  <testcase classname="concepts.TestNG_chapter2" name="method1" time="0.004">
    <failure type="java.lang.ArithmeticException" message="/ by zero">
      <![CDATA[java.lang.ArithmeticException: / by zero
at concepts.TestNG_chapter2.method1(TestNG_chapter2.java:28)
at java.base/java.util.ArrayList.forEach(ArrayList.java:1511)
... Removed 25 stack frames]]>
    </failure>
  </testcase> <!-- method1 -->
  <testcase classname="concepts.TestNG_chapter2" name="method2" time="0.0">
    <skipped/>
  </testcase> <!-- method2 -->
  <testcase classname="concepts.TestNG_chapter2" name="method3" time="0.007"/>
  <testcase classname="concepts.TestNG_chapter2" name="method4" time="0.007"/>
</testsuite> <!-- Test Basics 2 -->
